22-Mar-2023 10:48:45.475 INFO [main] org.apache.catalina.startup.VersionLoggerListener.log 서버 버전 이름:    Apache Tomcat/9.0.73
22-Mar-2023 10:48:45.475 INFO [main] org.apache.catalina.startup.VersionLoggerListener.log Server 빌드 시각:  Feb 27 2023 15:33:40 UTC
22-Mar-2023 10:48:45.475 INFO [main] org.apache.catalina.startup.VersionLoggerListener.log Server 버전 번호:  9.0.73.0
22-Mar-2023 10:48:45.475 INFO [main] org.apache.catalina.startup.VersionLoggerListener.log 운영체제 이름:     Windows 10
22-Mar-2023 10:48:45.475 INFO [main] org.apache.catalina.startup.VersionLoggerListener.log 운영체제 버전:     10.0
22-Mar-2023 10:48:45.475 INFO [main] org.apache.catalina.startup.VersionLoggerListener.log 아키텍처:          amd64
22-Mar-2023 10:48:45.475 INFO [main] org.apache.catalina.startup.VersionLoggerListener.log 자바 홈:           C:\Program Files\Java\jdk-11.0.16
22-Mar-2023 10:48:45.475 INFO [main] org.apache.catalina.startup.VersionLoggerListener.log JVM 버전:          11.0.16+11-LTS-199
22-Mar-2023 10:48:45.475 INFO [main] org.apache.catalina.startup.VersionLoggerListener.log JVM 벤더:          Oracle Corporation
22-Mar-2023 10:48:45.475 INFO [main] org.apache.catalina.startup.VersionLoggerListener.log CATALINA_BASE:     D:\HIH\tomcat9
22-Mar-2023 10:48:45.475 INFO [main] org.apache.catalina.startup.VersionLoggerListener.log CATALINA_HOME:     D:\HIH\tomcat9
22-Mar-2023 10:48:45.507 INFO [main] org.apache.catalina.startup.VersionLoggerListener.log 명령 행 아규먼트:  -Dcatalina.home=D:\HIH\tomcat9
22-Mar-2023 10:48:45.507 INFO [main] org.apache.catalina.startup.VersionLoggerListener.log 명령 행 아규먼트:  -Dcatalina.base=D:\HIH\tomcat9
22-Mar-2023 10:48:45.507 INFO [main] org.apache.catalina.startup.VersionLoggerListener.log 명령 행 아규먼트:  -Djava.io.tmpdir=D:\HIH\tomcat9\temp
22-Mar-2023 10:48:45.507 INFO [main] org.apache.catalina.startup.VersionLoggerListener.log 명령 행 아규먼트:  -Djava.util.logging.manager=org.apache.juli.ClassLoaderLogManager
22-Mar-2023 10:48:45.507 INFO [main] org.apache.catalina.startup.VersionLoggerListener.log 명령 행 아규먼트:  -Djava.util.logging.config.file=D:\HIH\tomcat9\conf\logging.properties
22-Mar-2023 10:48:45.507 INFO [main] org.apache.catalina.startup.VersionLoggerListener.log 명령 행 아규먼트:  --add-opens=java.base/java.lang=ALL-UNNAMED
22-Mar-2023 10:48:45.507 INFO [main] org.apache.catalina.startup.VersionLoggerListener.log 명령 행 아규먼트:  --add-opens=java.base/java.io=ALL-UNNAMED
22-Mar-2023 10:48:45.507 INFO [main] org.apache.catalina.startup.VersionLoggerListener.log 명령 행 아규먼트:  --add-opens=java.rmi/sun.rmi.transport=ALL-UNNAMED
22-Mar-2023 10:48:45.507 INFO [main] org.apache.catalina.startup.VersionLoggerListener.log 명령 행 아규먼트:  exit
22-Mar-2023 10:48:45.507 INFO [main] org.apache.catalina.startup.VersionLoggerListener.log 명령 행 아규먼트:  abort
22-Mar-2023 10:48:45.507 INFO [main] org.apache.catalina.startup.VersionLoggerListener.log 명령 행 아규먼트:  -Xms128m
22-Mar-2023 10:48:45.507 INFO [main] org.apache.catalina.startup.VersionLoggerListener.log 명령 행 아규먼트:  -Xmx256m
22-Mar-2023 10:48:45.507 INFO [main] org.apache.catalina.core.AprLifecycleListener.lifecycleEvent 프로덕션 환경들에서 최적의 성능을 제공하는, APR 기반 Apache Tomcat Native 라이브러리가, 다음 java.library.path에서 발견되지 않습니다: [D:\HIH\tomcat9\bin;C:\WINDOWS\Sun\Java\bin;C:\WINDOWS\system32;C:\WINDOWS;C:\Program Files\Java\jdk-11.0.16\bin;C:\Program Files\Bandizip\;C:\oraclexe\app\oracle\product\11.2.0\server\bin;C:\Program Files\Common Files\Oracle\Java\javapath;C:\Program Files (x86)\Common Files\Oracle\Java\javapath;C:\WINDOWS\system32;C:\WINDOWS;C:\WINDOWS\System32\Wbem;C:\WINDOWS\System32\WindowsPowerShell\v1.0\;C:\WINDOWS\System32\OpenSSH\;C:\Program Files\Java\jdk-11.0.16\bin;C:\Program Files\Git\cmd;C:\Program Files\Java\jdk-11.0.16\bin;C:\WINDOWS\ServiceProfiles\LocalService\AppData\Local\Microsoft\WindowsApps;.]
22-Mar-2023 10:48:45.804 INFO [main] org.apache.coyote.AbstractProtocol.init 프로토콜 핸들러 ["http-nio-8090"]을(를) 초기화합니다.
22-Mar-2023 10:48:45.820 INFO [main] org.apache.catalina.startup.Catalina.load [580] 밀리초 내에 서버가 초기화되었습니다.
22-Mar-2023 10:48:45.898 INFO [main] org.apache.catalina.core.StandardService.startInternal 서비스 [Catalina]을(를) 시작합니다.
22-Mar-2023 10:48:45.898 INFO [main] org.apache.catalina.core.StandardEngine.startInternal 서버 엔진을 시작합니다: [Apache Tomcat/9.0.73]
22-Mar-2023 10:48:45.898 INFO [main] org.apache.catalina.startup.HostConfig.deployDirectory 웹 애플리케이션 디렉토리 [D:\HIH\tomcat9\webapps\docs]을(를) 배치합니다.
22-Mar-2023 10:48:46.214 INFO [main] org.apache.catalina.startup.HostConfig.deployDirectory 웹 애플리케이션 디렉토리 [D:\HIH\tomcat9\webapps\docs]에 대한 배치가 [300] 밀리초에 완료되었습니다.
22-Mar-2023 10:48:46.214 INFO [main] org.apache.catalina.startup.HostConfig.deployDirectory 웹 애플리케이션 디렉토리 [D:\HIH\tomcat9\webapps\manager]을(를) 배치합니다.
22-Mar-2023 10:48:46.249 INFO [main] org.apache.catalina.startup.HostConfig.deployDirectory 웹 애플리케이션 디렉토리 [D:\HIH\tomcat9\webapps\manager]에 대한 배치가 [35] 밀리초에 완료되었습니다.
22-Mar-2023 10:48:46.249 INFO [main] org.apache.catalina.startup.HostConfig.deployDirectory 웹 애플리케이션 디렉토리 [D:\HIH\tomcat9\webapps\ROOT]을(를) 배치합니다.
22-Mar-2023 10:48:46.264 INFO [main] org.apache.catalina.startup.HostConfig.deployDirectory 웹 애플리케이션 디렉토리 [D:\HIH\tomcat9\webapps\ROOT]에 대한 배치가 [15] 밀리초에 완료되었습니다.
22-Mar-2023 10:48:46.264 INFO [main] org.apache.coyote.AbstractProtocol.start 프로토콜 핸들러 ["http-nio-8090"]을(를) 시작합니다.
22-Mar-2023 10:48:46.332 INFO [main] org.apache.catalina.startup.Catalina.start 서버가 [500] 밀리초 내에 시작되었습니다.
22-Mar-2023 13:03:12.145 INFO [main] org.apache.catalina.startup.VersionLoggerListener.log 서버 버전 이름:    Apache Tomcat/9.0.73
22-Mar-2023 13:03:12.149 INFO [main] org.apache.catalina.startup.VersionLoggerListener.log Server 빌드 시각:  Feb 27 2023 15:33:40 UTC
22-Mar-2023 13:03:12.150 INFO [main] org.apache.catalina.startup.VersionLoggerListener.log Server 버전 번호:  9.0.73.0
22-Mar-2023 13:03:12.150 INFO [main] org.apache.catalina.startup.VersionLoggerListener.log 운영체제 이름:     Windows 10
22-Mar-2023 13:03:12.150 INFO [main] org.apache.catalina.startup.VersionLoggerListener.log 운영체제 버전:     10.0
22-Mar-2023 13:03:12.150 INFO [main] org.apache.catalina.startup.VersionLoggerListener.log 아키텍처:          amd64
22-Mar-2023 13:03:12.150 INFO [main] org.apache.catalina.startup.VersionLoggerListener.log 자바 홈:           C:\Program Files\Java\jdk-11.0.16
22-Mar-2023 13:03:12.150 INFO [main] org.apache.catalina.startup.VersionLoggerListener.log JVM 버전:          11.0.16+11-LTS-199
22-Mar-2023 13:03:12.151 INFO [main] org.apache.catalina.startup.VersionLoggerListener.log JVM 벤더:          Oracle Corporation
22-Mar-2023 13:03:12.151 INFO [main] org.apache.catalina.startup.VersionLoggerListener.log CATALINA_BASE:     D:\HIH\tomcat9
22-Mar-2023 13:03:12.151 INFO [main] org.apache.catalina.startup.VersionLoggerListener.log CATALINA_HOME:     D:\HIH\tomcat9
22-Mar-2023 13:03:12.157 INFO [main] org.apache.catalina.startup.VersionLoggerListener.log 명령 행 아규먼트:  -Dcatalina.home=D:\HIH\tomcat9
22-Mar-2023 13:03:12.157 INFO [main] org.apache.catalina.startup.VersionLoggerListener.log 명령 행 아규먼트:  -Dcatalina.base=D:\HIH\tomcat9
22-Mar-2023 13:03:12.158 INFO [main] org.apache.catalina.startup.VersionLoggerListener.log 명령 행 아규먼트:  -Djava.io.tmpdir=D:\HIH\tomcat9\temp
22-Mar-2023 13:03:12.158 INFO [main] org.apache.catalina.startup.VersionLoggerListener.log 명령 행 아규먼트:  -Djava.util.logging.manager=org.apache.juli.ClassLoaderLogManager
22-Mar-2023 13:03:12.159 INFO [main] org.apache.catalina.startup.VersionLoggerListener.log 명령 행 아규먼트:  -Djava.util.logging.config.file=D:\HIH\tomcat9\conf\logging.properties
22-Mar-2023 13:03:12.159 INFO [main] org.apache.catalina.startup.VersionLoggerListener.log 명령 행 아규먼트:  --add-opens=java.base/java.lang=ALL-UNNAMED
22-Mar-2023 13:03:12.160 INFO [main] org.apache.catalina.startup.VersionLoggerListener.log 명령 행 아규먼트:  --add-opens=java.base/java.io=ALL-UNNAMED
22-Mar-2023 13:03:12.160 INFO [main] org.apache.catalina.startup.VersionLoggerListener.log 명령 행 아규먼트:  --add-opens=java.rmi/sun.rmi.transport=ALL-UNNAMED
22-Mar-2023 13:03:12.160 INFO [main] org.apache.catalina.startup.VersionLoggerListener.log 명령 행 아규먼트:  exit
22-Mar-2023 13:03:12.161 INFO [main] org.apache.catalina.startup.VersionLoggerListener.log 명령 행 아규먼트:  abort
22-Mar-2023 13:03:12.161 INFO [main] org.apache.catalina.startup.VersionLoggerListener.log 명령 행 아규먼트:  -Xms128m
22-Mar-2023 13:03:12.161 INFO [main] org.apache.catalina.startup.VersionLoggerListener.log 명령 행 아규먼트:  -Xmx256m
22-Mar-2023 13:03:12.169 INFO [main] org.apache.catalina.core.AprLifecycleListener.lifecycleEvent 프로덕션 환경들에서 최적의 성능을 제공하는, APR 기반 Apache Tomcat Native 라이브러리가, 다음 java.library.path에서 발견되지 않습니다: [D:\HIH\tomcat9\bin;C:\WINDOWS\Sun\Java\bin;C:\WINDOWS\system32;C:\WINDOWS;C:\Program Files\Java\jdk-11.0.16\bin;C:\Program Files\Bandizip\;C:\oraclexe\app\oracle\product\11.2.0\server\bin;C:\Program Files\Common Files\Oracle\Java\javapath;C:\Program Files (x86)\Common Files\Oracle\Java\javapath;C:\WINDOWS\system32;C:\WINDOWS;C:\WINDOWS\System32\Wbem;C:\WINDOWS\System32\WindowsPowerShell\v1.0\;C:\WINDOWS\System32\OpenSSH\;C:\Program Files\Java\jdk-11.0.16\bin;C:\Program Files\Git\cmd;C:\Program Files\Java\jdk-11.0.16\bin;C:\Users\EZEN\AppData\Local\Microsoft\WindowsApps;C:\Users\EZEN\AppData\Local\Programs\Microsoft VS Code\bin;.]
22-Mar-2023 13:03:12.394 INFO [main] org.apache.coyote.AbstractProtocol.init 프로토콜 핸들러 ["http-nio-8090"]을(를) 초기화합니다.
22-Mar-2023 13:03:12.407 SEVERE [main] org.apache.catalina.util.LifecycleBase.handleSubClassException 구성요소 [Connector[HTTP/1.1-8090]]을(를) 초기화하지 못했습니다.
	org.apache.catalina.LifecycleException: 프로토콜 핸들러 초기화가 실패했습니다.
		at org.apache.catalina.connector.Connector.initInternal(Connector.java:1014)
		at org.apache.catalina.util.LifecycleBase.init(LifecycleBase.java:136)
		at org.apache.catalina.core.StandardService.initInternal(StandardService.java:549)
		at org.apache.catalina.util.LifecycleBase.init(LifecycleBase.java:136)
		at org.apache.catalina.core.StandardServer.initInternal(StandardServer.java:1032)
		at org.apache.catalina.util.LifecycleBase.init(LifecycleBase.java:136)
		at org.apache.catalina.startup.Catalina.load(Catalina.java:724)
		at org.apache.catalina.startup.Catalina.load(Catalina.java:746)
		at java.base/jdk.internal.reflect.NativeMethodAccessorImpl.invoke0(Native Method)
		at java.base/jdk.internal.reflect.NativeMethodAccessorImpl.invoke(NativeMethodAccessorImpl.java:62)
		at java.base/jdk.internal.reflect.DelegatingMethodAccessorImpl.invoke(DelegatingMethodAccessorImpl.java:43)
		at java.base/java.lang.reflect.Method.invoke(Method.java:566)
		at org.apache.catalina.startup.Bootstrap.load(Bootstrap.java:307)
		at org.apache.catalina.startup.Bootstrap.main(Bootstrap.java:477)
	Caused by: java.net.BindException: Address already in use: bind
		at java.base/sun.nio.ch.Net.bind0(Native Method)
		at java.base/sun.nio.ch.Net.bind(Net.java:459)
		at java.base/sun.nio.ch.Net.bind(Net.java:448)
		at java.base/sun.nio.ch.ServerSocketChannelImpl.bind(ServerSocketChannelImpl.java:227)
		at org.apache.tomcat.util.net.NioEndpoint.initServerSocket(NioEndpoint.java:276)
		at org.apache.tomcat.util.net.NioEndpoint.bind(NioEndpoint.java:231)
		at org.apache.tomcat.util.net.AbstractEndpoint.bindWithCleanup(AbstractEndpoint.java:1302)
		at org.apache.tomcat.util.net.AbstractEndpoint.init(AbstractEndpoint.java:1315)
		at org.apache.coyote.AbstractProtocol.init(AbstractProtocol.java:652)
		at org.apache.coyote.http11.AbstractHttp11Protocol.init(AbstractHttp11Protocol.java:75)
		at org.apache.catalina.connector.Connector.initInternal(Connector.java:1012)
		... 13 more
22-Mar-2023 13:03:12.409 INFO [main] org.apache.catalina.startup.Catalina.load [409] 밀리초 내에 서버가 초기화되었습니다.
22-Mar-2023 13:03:12.457 INFO [main] org.apache.catalina.core.StandardService.startInternal 서비스 [Catalina]을(를) 시작합니다.
22-Mar-2023 13:03:12.459 INFO [main] org.apache.catalina.core.StandardEngine.startInternal 서버 엔진을 시작합니다: [Apache Tomcat/9.0.73]
22-Mar-2023 13:03:12.470 INFO [main] org.apache.catalina.startup.HostConfig.deployDirectory 웹 애플리케이션 디렉토리 [D:\HIH\tomcat9\webapps\docs]을(를) 배치합니다.
22-Mar-2023 13:03:12.732 INFO [main] org.apache.catalina.startup.HostConfig.deployDirectory 웹 애플리케이션 디렉토리 [D:\HIH\tomcat9\webapps\docs]에 대한 배치가 [260] 밀리초에 완료되었습니다.
22-Mar-2023 13:03:12.733 INFO [main] org.apache.catalina.startup.HostConfig.deployDirectory 웹 애플리케이션 디렉토리 [D:\HIH\tomcat9\webapps\manager]을(를) 배치합니다.
22-Mar-2023 13:03:12.767 INFO [main] org.apache.catalina.startup.HostConfig.deployDirectory 웹 애플리케이션 디렉토리 [D:\HIH\tomcat9\webapps\manager]에 대한 배치가 [34] 밀리초에 완료되었습니다.
22-Mar-2023 13:03:12.769 INFO [main] org.apache.catalina.startup.HostConfig.deployDirectory 웹 애플리케이션 디렉토리 [D:\HIH\tomcat9\webapps\ROOT]을(를) 배치합니다.
22-Mar-2023 13:03:12.783 INFO [main] org.apache.catalina.startup.HostConfig.deployDirectory 웹 애플리케이션 디렉토리 [D:\HIH\tomcat9\webapps\ROOT]에 대한 배치가 [14] 밀리초에 완료되었습니다.
22-Mar-2023 13:03:12.786 INFO [main] org.apache.catalina.startup.Catalina.start 서버가 [377] 밀리초 내에 시작되었습니다.
22-Mar-2023 13:03:12.790 SEVERE [main] org.apache.catalina.core.StandardServer.await 주소 [localhost]와(과) 포트 [8005]에, 서버 셧다운 소켓을 생성하지 못했습니다. (base 포트 [8005], offset [0])
	java.net.BindException: Address already in use: NET_Bind
		at java.base/java.net.PlainSocketImpl.bind0(Native Method)
		at java.base/java.net.PlainSocketImpl.socketBind(PlainSocketImpl.java:132)
		at java.base/java.net.AbstractPlainSocketImpl.bind(AbstractPlainSocketImpl.java:452)
		at java.base/java.net.ServerSocket.bind(ServerSocket.java:381)
		at java.base/java.net.ServerSocket.<init>(ServerSocket.java:243)
		at org.apache.catalina.core.StandardServer.await(StandardServer.java:580)
		at org.apache.catalina.startup.Catalina.await(Catalina.java:864)
		at org.apache.catalina.startup.Catalina.start(Catalina.java:810)
		at java.base/jdk.internal.reflect.NativeMethodAccessorImpl.invoke0(Native Method)
		at java.base/jdk.internal.reflect.NativeMethodAccessorImpl.invoke(NativeMethodAccessorImpl.java:62)
		at java.base/jdk.internal.reflect.DelegatingMethodAccessorImpl.invoke(DelegatingMethodAccessorImpl.java:43)
		at java.base/java.lang.reflect.Method.invoke(Method.java:566)
		at org.apache.catalina.startup.Bootstrap.start(Bootstrap.java:347)
		at org.apache.catalina.startup.Bootstrap.main(Bootstrap.java:478)
22-Mar-2023 13:03:12.792 INFO [main] org.apache.coyote.AbstractProtocol.pause 프로토콜 핸들러 ["http-nio-8090"]을(를) 일시 정지 중
22-Mar-2023 13:03:12.795 INFO [main] org.apache.catalina.core.StandardService.stopInternal 서비스 [Catalina]을(를) 중지시킵니다.
22-Mar-2023 13:03:12.810 INFO [main] org.apache.coyote.AbstractProtocol.stop 프로토콜 핸들러 ["http-nio-8090"]을(를) 중지시킵니다.
22-Mar-2023 13:03:12.812 INFO [main] org.apache.coyote.AbstractProtocol.destroy 프로토콜 핸들러 ["http-nio-8090"]을(를) 소멸시킵니다.
22-Mar-2023 13:05:31.735 INFO [main] org.apache.catalina.startup.VersionLoggerListener.log 서버 버전 이름:    Apache Tomcat/9.0.73
22-Mar-2023 13:05:31.738 INFO [main] org.apache.catalina.startup.VersionLoggerListener.log Server 빌드 시각:  Feb 27 2023 15:33:40 UTC
22-Mar-2023 13:05:31.738 INFO [main] org.apache.catalina.startup.VersionLoggerListener.log Server 버전 번호:  9.0.73.0
22-Mar-2023 13:05:31.739 INFO [main] org.apache.catalina.startup.VersionLoggerListener.log 운영체제 이름:     Windows 10
22-Mar-2023 13:05:31.739 INFO [main] org.apache.catalina.startup.VersionLoggerListener.log 운영체제 버전:     10.0
22-Mar-2023 13:05:31.739 INFO [main] org.apache.catalina.startup.VersionLoggerListener.log 아키텍처:          amd64
22-Mar-2023 13:05:31.739 INFO [main] org.apache.catalina.startup.VersionLoggerListener.log 자바 홈:           C:\Program Files\Java\jdk-11.0.16
22-Mar-2023 13:05:31.739 INFO [main] org.apache.catalina.startup.VersionLoggerListener.log JVM 버전:          11.0.16+11-LTS-199
22-Mar-2023 13:05:31.740 INFO [main] org.apache.catalina.startup.VersionLoggerListener.log JVM 벤더:          Oracle Corporation
22-Mar-2023 13:05:31.740 INFO [main] org.apache.catalina.startup.VersionLoggerListener.log CATALINA_BASE:     D:\HIH\tomcat9
22-Mar-2023 13:05:31.740 INFO [main] org.apache.catalina.startup.VersionLoggerListener.log CATALINA_HOME:     D:\HIH\tomcat9
22-Mar-2023 13:05:31.747 INFO [main] org.apache.catalina.startup.VersionLoggerListener.log 명령 행 아규먼트:  -Dcatalina.home=D:\HIH\tomcat9
22-Mar-2023 13:05:31.748 INFO [main] org.apache.catalina.startup.VersionLoggerListener.log 명령 행 아규먼트:  -Dcatalina.base=D:\HIH\tomcat9
22-Mar-2023 13:05:31.748 INFO [main] org.apache.catalina.startup.VersionLoggerListener.log 명령 행 아규먼트:  -Djava.io.tmpdir=D:\HIH\tomcat9\temp
22-Mar-2023 13:05:31.749 INFO [main] org.apache.catalina.startup.VersionLoggerListener.log 명령 행 아규먼트:  -Djava.util.logging.manager=org.apache.juli.ClassLoaderLogManager
22-Mar-2023 13:05:31.749 INFO [main] org.apache.catalina.startup.VersionLoggerListener.log 명령 행 아규먼트:  -Djava.util.logging.config.file=D:\HIH\tomcat9\conf\logging.properties
22-Mar-2023 13:05:31.750 INFO [main] org.apache.catalina.startup.VersionLoggerListener.log 명령 행 아규먼트:  --add-opens=java.base/java.lang=ALL-UNNAMED
22-Mar-2023 13:05:31.750 INFO [main] org.apache.catalina.startup.VersionLoggerListener.log 명령 행 아규먼트:  --add-opens=java.base/java.io=ALL-UNNAMED
22-Mar-2023 13:05:31.750 INFO [main] org.apache.catalina.startup.VersionLoggerListener.log 명령 행 아규먼트:  --add-opens=java.rmi/sun.rmi.transport=ALL-UNNAMED
22-Mar-2023 13:05:31.750 INFO [main] org.apache.catalina.startup.VersionLoggerListener.log 명령 행 아규먼트:  exit
22-Mar-2023 13:05:31.750 INFO [main] org.apache.catalina.startup.VersionLoggerListener.log 명령 행 아규먼트:  abort
22-Mar-2023 13:05:31.750 INFO [main] org.apache.catalina.startup.VersionLoggerListener.log 명령 행 아규먼트:  -Xms128m
22-Mar-2023 13:05:31.751 INFO [main] org.apache.catalina.startup.VersionLoggerListener.log 명령 행 아규먼트:  -Xmx256m
22-Mar-2023 13:05:31.756 INFO [main] org.apache.catalina.core.AprLifecycleListener.lifecycleEvent 프로덕션 환경들에서 최적의 성능을 제공하는, APR 기반 Apache Tomcat Native 라이브러리가, 다음 java.library.path에서 발견되지 않습니다: [D:\HIH\tomcat9\bin;C:\WINDOWS\Sun\Java\bin;C:\WINDOWS\system32;C:\WINDOWS;C:\Program Files\Java\jdk-11.0.16\bin;C:\Program Files\Bandizip\;C:\oraclexe\app\oracle\product\11.2.0\server\bin;C:\Program Files\Common Files\Oracle\Java\javapath;C:\Program Files (x86)\Common Files\Oracle\Java\javapath;C:\WINDOWS\system32;C:\WINDOWS;C:\WINDOWS\System32\Wbem;C:\WINDOWS\System32\WindowsPowerShell\v1.0\;C:\WINDOWS\System32\OpenSSH\;C:\Program Files\Java\jdk-11.0.16\bin;C:\Program Files\Git\cmd;C:\Program Files\Java\jdk-11.0.16\bin;C:\Users\EZEN\AppData\Local\Microsoft\WindowsApps;C:\Users\EZEN\AppData\Local\Programs\Microsoft VS Code\bin;.]
22-Mar-2023 13:05:31.969 INFO [main] org.apache.coyote.AbstractProtocol.init 프로토콜 핸들러 ["http-nio-8090"]을(를) 초기화합니다.
22-Mar-2023 13:05:31.983 SEVERE [main] org.apache.catalina.util.LifecycleBase.handleSubClassException 구성요소 [Connector[HTTP/1.1-8090]]을(를) 초기화하지 못했습니다.
	org.apache.catalina.LifecycleException: 프로토콜 핸들러 초기화가 실패했습니다.
		at org.apache.catalina.connector.Connector.initInternal(Connector.java:1014)
		at org.apache.catalina.util.LifecycleBase.init(LifecycleBase.java:136)
		at org.apache.catalina.core.StandardService.initInternal(StandardService.java:549)
		at org.apache.catalina.util.LifecycleBase.init(LifecycleBase.java:136)
		at org.apache.catalina.core.StandardServer.initInternal(StandardServer.java:1032)
		at org.apache.catalina.util.LifecycleBase.init(LifecycleBase.java:136)
		at org.apache.catalina.startup.Catalina.load(Catalina.java:724)
		at org.apache.catalina.startup.Catalina.load(Catalina.java:746)
		at java.base/jdk.internal.reflect.NativeMethodAccessorImpl.invoke0(Native Method)
		at java.base/jdk.internal.reflect.NativeMethodAccessorImpl.invoke(NativeMethodAccessorImpl.java:62)
		at java.base/jdk.internal.reflect.DelegatingMethodAccessorImpl.invoke(DelegatingMethodAccessorImpl.java:43)
		at java.base/java.lang.reflect.Method.invoke(Method.java:566)
		at org.apache.catalina.startup.Bootstrap.load(Bootstrap.java:307)
		at org.apache.catalina.startup.Bootstrap.main(Bootstrap.java:477)
	Caused by: java.net.BindException: Address already in use: bind
		at java.base/sun.nio.ch.Net.bind0(Native Method)
		at java.base/sun.nio.ch.Net.bind(Net.java:459)
		at java.base/sun.nio.ch.Net.bind(Net.java:448)
		at java.base/sun.nio.ch.ServerSocketChannelImpl.bind(ServerSocketChannelImpl.java:227)
		at org.apache.tomcat.util.net.NioEndpoint.initServerSocket(NioEndpoint.java:276)
		at org.apache.tomcat.util.net.NioEndpoint.bind(NioEndpoint.java:231)
		at org.apache.tomcat.util.net.AbstractEndpoint.bindWithCleanup(AbstractEndpoint.java:1302)
		at org.apache.tomcat.util.net.AbstractEndpoint.init(AbstractEndpoint.java:1315)
		at org.apache.coyote.AbstractProtocol.init(AbstractProtocol.java:652)
		at org.apache.coyote.http11.AbstractHttp11Protocol.init(AbstractHttp11Protocol.java:75)
		at org.apache.catalina.connector.Connector.initInternal(Connector.java:1012)
		... 13 more
22-Mar-2023 13:05:31.985 INFO [main] org.apache.catalina.startup.Catalina.load [400] 밀리초 내에 서버가 초기화되었습니다.
22-Mar-2023 13:05:32.037 INFO [main] org.apache.catalina.core.StandardService.startInternal 서비스 [Catalina]을(를) 시작합니다.
22-Mar-2023 13:05:32.039 INFO [main] org.apache.catalina.core.StandardEngine.startInternal 서버 엔진을 시작합니다: [Apache Tomcat/9.0.73]
22-Mar-2023 13:05:32.046 INFO [main] org.apache.catalina.startup.HostConfig.deployDirectory 웹 애플리케이션 디렉토리 [D:\HIH\tomcat9\webapps\docs]을(를) 배치합니다.
22-Mar-2023 13:05:32.306 INFO [main] org.apache.catalina.startup.HostConfig.deployDirectory 웹 애플리케이션 디렉토리 [D:\HIH\tomcat9\webapps\docs]에 대한 배치가 [258] 밀리초에 완료되었습니다.
22-Mar-2023 13:05:32.307 INFO [main] org.apache.catalina.startup.HostConfig.deployDirectory 웹 애플리케이션 디렉토리 [D:\HIH\tomcat9\webapps\manager]을(를) 배치합니다.
22-Mar-2023 13:05:32.336 INFO [main] org.apache.catalina.startup.HostConfig.deployDirectory 웹 애플리케이션 디렉토리 [D:\HIH\tomcat9\webapps\manager]에 대한 배치가 [29] 밀리초에 완료되었습니다.
22-Mar-2023 13:05:32.337 INFO [main] org.apache.catalina.startup.HostConfig.deployDirectory 웹 애플리케이션 디렉토리 [D:\HIH\tomcat9\webapps\ROOT]을(를) 배치합니다.
22-Mar-2023 13:05:32.350 INFO [main] org.apache.catalina.startup.HostConfig.deployDirectory 웹 애플리케이션 디렉토리 [D:\HIH\tomcat9\webapps\ROOT]에 대한 배치가 [13] 밀리초에 완료되었습니다.
22-Mar-2023 13:05:32.354 INFO [main] org.apache.catalina.startup.Catalina.start 서버가 [369] 밀리초 내에 시작되었습니다.
22-Mar-2023 13:05:32.358 SEVERE [main] org.apache.catalina.core.StandardServer.await 주소 [localhost]와(과) 포트 [8005]에, 서버 셧다운 소켓을 생성하지 못했습니다. (base 포트 [8005], offset [0])
	java.net.BindException: Address already in use: NET_Bind
		at java.base/java.net.PlainSocketImpl.bind0(Native Method)
		at java.base/java.net.PlainSocketImpl.socketBind(PlainSocketImpl.java:132)
		at java.base/java.net.AbstractPlainSocketImpl.bind(AbstractPlainSocketImpl.java:452)
		at java.base/java.net.ServerSocket.bind(ServerSocket.java:381)
		at java.base/java.net.ServerSocket.<init>(ServerSocket.java:243)
		at org.apache.catalina.core.StandardServer.await(StandardServer.java:580)
		at org.apache.catalina.startup.Catalina.await(Catalina.java:864)
		at org.apache.catalina.startup.Catalina.start(Catalina.java:810)
		at java.base/jdk.internal.reflect.NativeMethodAccessorImpl.invoke0(Native Method)
		at java.base/jdk.internal.reflect.NativeMethodAccessorImpl.invoke(NativeMethodAccessorImpl.java:62)
		at java.base/jdk.internal.reflect.DelegatingMethodAccessorImpl.invoke(DelegatingMethodAccessorImpl.java:43)
		at java.base/java.lang.reflect.Method.invoke(Method.java:566)
		at org.apache.catalina.startup.Bootstrap.start(Bootstrap.java:347)
		at org.apache.catalina.startup.Bootstrap.main(Bootstrap.java:478)
22-Mar-2023 13:05:32.359 INFO [main] org.apache.coyote.AbstractProtocol.pause 프로토콜 핸들러 ["http-nio-8090"]을(를) 일시 정지 중
22-Mar-2023 13:05:32.360 INFO [main] org.apache.catalina.core.StandardService.stopInternal 서비스 [Catalina]을(를) 중지시킵니다.
22-Mar-2023 13:05:32.371 INFO [main] org.apache.coyote.AbstractProtocol.stop 프로토콜 핸들러 ["http-nio-8090"]을(를) 중지시킵니다.
22-Mar-2023 13:05:32.373 INFO [main] org.apache.coyote.AbstractProtocol.destroy 프로토콜 핸들러 ["http-nio-8090"]을(를) 소멸시킵니다.
22-Mar-2023 13:09:06.488 INFO [Catalina-utility-2] org.apache.catalina.startup.HostConfig.deployDirectory 웹 애플리케이션 디렉토리 [D:\HIH\tomcat9\webapps\Mup]을(를) 배치합니다.
22-Mar-2023 13:09:06.563 INFO [Catalina-utility-2] org.apache.catalina.startup.HostConfig.deployDirectory 웹 애플리케이션 디렉토리 [D:\HIH\tomcat9\webapps\Mup]에 대한 배치가 [75] 밀리초에 완료되었습니다.
22-Mar-2023 13:09:35.486 INFO [main] org.apache.catalina.startup.VersionLoggerListener.log 서버 버전 이름:    Apache Tomcat/9.0.73
22-Mar-2023 13:09:35.489 INFO [main] org.apache.catalina.startup.VersionLoggerListener.log Server 빌드 시각:  Feb 27 2023 15:33:40 UTC
22-Mar-2023 13:09:35.489 INFO [main] org.apache.catalina.startup.VersionLoggerListener.log Server 버전 번호:  9.0.73.0
22-Mar-2023 13:09:35.490 INFO [main] org.apache.catalina.startup.VersionLoggerListener.log 운영체제 이름:     Windows 10
22-Mar-2023 13:09:35.490 INFO [main] org.apache.catalina.startup.VersionLoggerListener.log 운영체제 버전:     10.0
22-Mar-2023 13:09:35.490 INFO [main] org.apache.catalina.startup.VersionLoggerListener.log 아키텍처:          amd64
22-Mar-2023 13:09:35.490 INFO [main] org.apache.catalina.startup.VersionLoggerListener.log 자바 홈:           C:\Program Files\Java\jdk-11.0.16
22-Mar-2023 13:09:35.490 INFO [main] org.apache.catalina.startup.VersionLoggerListener.log JVM 버전:          11.0.16+11-LTS-199
22-Mar-2023 13:09:35.490 INFO [main] org.apache.catalina.startup.VersionLoggerListener.log JVM 벤더:          Oracle Corporation
22-Mar-2023 13:09:35.491 INFO [main] org.apache.catalina.startup.VersionLoggerListener.log CATALINA_BASE:     D:\HIH\tomcat9
22-Mar-2023 13:09:35.491 INFO [main] org.apache.catalina.startup.VersionLoggerListener.log CATALINA_HOME:     D:\HIH\tomcat9
22-Mar-2023 13:09:35.498 INFO [main] org.apache.catalina.startup.VersionLoggerListener.log 명령 행 아규먼트:  -Dcatalina.home=D:\HIH\tomcat9
22-Mar-2023 13:09:35.498 INFO [main] org.apache.catalina.startup.VersionLoggerListener.log 명령 행 아규먼트:  -Dcatalina.base=D:\HIH\tomcat9
22-Mar-2023 13:09:35.498 INFO [main] org.apache.catalina.startup.VersionLoggerListener.log 명령 행 아규먼트:  -Djava.io.tmpdir=D:\HIH\tomcat9\temp
22-Mar-2023 13:09:35.499 INFO [main] org.apache.catalina.startup.VersionLoggerListener.log 명령 행 아규먼트:  -Djava.util.logging.manager=org.apache.juli.ClassLoaderLogManager
22-Mar-2023 13:09:35.499 INFO [main] org.apache.catalina.startup.VersionLoggerListener.log 명령 행 아규먼트:  -Djava.util.logging.config.file=D:\HIH\tomcat9\conf\logging.properties
22-Mar-2023 13:09:35.499 INFO [main] org.apache.catalina.startup.VersionLoggerListener.log 명령 행 아규먼트:  --add-opens=java.base/java.lang=ALL-UNNAMED
22-Mar-2023 13:09:35.500 INFO [main] org.apache.catalina.startup.VersionLoggerListener.log 명령 행 아규먼트:  --add-opens=java.base/java.io=ALL-UNNAMED
22-Mar-2023 13:09:35.500 INFO [main] org.apache.catalina.startup.VersionLoggerListener.log 명령 행 아규먼트:  --add-opens=java.rmi/sun.rmi.transport=ALL-UNNAMED
22-Mar-2023 13:09:35.500 INFO [main] org.apache.catalina.startup.VersionLoggerListener.log 명령 행 아규먼트:  exit
22-Mar-2023 13:09:35.501 INFO [main] org.apache.catalina.startup.VersionLoggerListener.log 명령 행 아규먼트:  abort
22-Mar-2023 13:09:35.501 INFO [main] org.apache.catalina.startup.VersionLoggerListener.log 명령 행 아규먼트:  -Xms128m
22-Mar-2023 13:09:35.501 INFO [main] org.apache.catalina.startup.VersionLoggerListener.log 명령 행 아규먼트:  -Xmx256m
22-Mar-2023 13:09:35.507 INFO [main] org.apache.catalina.core.AprLifecycleListener.lifecycleEvent 프로덕션 환경들에서 최적의 성능을 제공하는, APR 기반 Apache Tomcat Native 라이브러리가, 다음 java.library.path에서 발견되지 않습니다: [D:\HIH\tomcat9\bin;C:\WINDOWS\Sun\Java\bin;C:\WINDOWS\system32;C:\WINDOWS;C:\Program Files\Java\jdk-11.0.16\bin;C:\Program Files\Bandizip\;C:\oraclexe\app\oracle\product\11.2.0\server\bin;C:\Program Files\Common Files\Oracle\Java\javapath;C:\Program Files (x86)\Common Files\Oracle\Java\javapath;C:\WINDOWS\system32;C:\WINDOWS;C:\WINDOWS\System32\Wbem;C:\WINDOWS\System32\WindowsPowerShell\v1.0\;C:\WINDOWS\System32\OpenSSH\;C:\Program Files\Java\jdk-11.0.16\bin;C:\Program Files\Git\cmd;C:\Program Files\Java\jdk-11.0.16\bin;C:\Users\EZEN\AppData\Local\Microsoft\WindowsApps;C:\Users\EZEN\AppData\Local\Programs\Microsoft VS Code\bin;.]
22-Mar-2023 13:09:35.710 INFO [main] org.apache.coyote.AbstractProtocol.init 프로토콜 핸들러 ["http-nio-8090"]을(를) 초기화합니다.
22-Mar-2023 13:09:35.722 SEVERE [main] org.apache.catalina.util.LifecycleBase.handleSubClassException 구성요소 [Connector[HTTP/1.1-8090]]을(를) 초기화하지 못했습니다.
	org.apache.catalina.LifecycleException: 프로토콜 핸들러 초기화가 실패했습니다.
		at org.apache.catalina.connector.Connector.initInternal(Connector.java:1014)
		at org.apache.catalina.util.LifecycleBase.init(LifecycleBase.java:136)
		at org.apache.catalina.core.StandardService.initInternal(StandardService.java:549)
		at org.apache.catalina.util.LifecycleBase.init(LifecycleBase.java:136)
		at org.apache.catalina.core.StandardServer.initInternal(StandardServer.java:1032)
		at org.apache.catalina.util.LifecycleBase.init(LifecycleBase.java:136)
		at org.apache.catalina.startup.Catalina.load(Catalina.java:724)
		at org.apache.catalina.startup.Catalina.load(Catalina.java:746)
		at java.base/jdk.internal.reflect.NativeMethodAccessorImpl.invoke0(Native Method)
		at java.base/jdk.internal.reflect.NativeMethodAccessorImpl.invoke(NativeMethodAccessorImpl.java:62)
		at java.base/jdk.internal.reflect.DelegatingMethodAccessorImpl.invoke(DelegatingMethodAccessorImpl.java:43)
		at java.base/java.lang.reflect.Method.invoke(Method.java:566)
		at org.apache.catalina.startup.Bootstrap.load(Bootstrap.java:307)
		at org.apache.catalina.startup.Bootstrap.main(Bootstrap.java:477)
	Caused by: java.net.BindException: Address already in use: bind
		at java.base/sun.nio.ch.Net.bind0(Native Method)
		at java.base/sun.nio.ch.Net.bind(Net.java:459)
		at java.base/sun.nio.ch.Net.bind(Net.java:448)
		at java.base/sun.nio.ch.ServerSocketChannelImpl.bind(ServerSocketChannelImpl.java:227)
		at org.apache.tomcat.util.net.NioEndpoint.initServerSocket(NioEndpoint.java:276)
		at org.apache.tomcat.util.net.NioEndpoint.bind(NioEndpoint.java:231)
		at org.apache.tomcat.util.net.AbstractEndpoint.bindWithCleanup(AbstractEndpoint.java:1302)
		at org.apache.tomcat.util.net.AbstractEndpoint.init(AbstractEndpoint.java:1315)
		at org.apache.coyote.AbstractProtocol.init(AbstractProtocol.java:652)
		at org.apache.coyote.http11.AbstractHttp11Protocol.init(AbstractHttp11Protocol.java:75)
		at org.apache.catalina.connector.Connector.initInternal(Connector.java:1012)
		... 13 more
22-Mar-2023 13:09:35.724 INFO [main] org.apache.catalina.startup.Catalina.load [385] 밀리초 내에 서버가 초기화되었습니다.
22-Mar-2023 13:09:35.780 INFO [main] org.apache.catalina.core.StandardService.startInternal 서비스 [Catalina]을(를) 시작합니다.
22-Mar-2023 13:09:35.781 INFO [main] org.apache.catalina.core.StandardEngine.startInternal 서버 엔진을 시작합니다: [Apache Tomcat/9.0.73]
22-Mar-2023 13:09:35.787 INFO [main] org.apache.catalina.startup.HostConfig.deployDirectory 웹 애플리케이션 디렉토리 [D:\HIH\tomcat9\webapps\docs]을(를) 배치합니다.
22-Mar-2023 13:09:36.046 INFO [main] org.apache.catalina.startup.HostConfig.deployDirectory 웹 애플리케이션 디렉토리 [D:\HIH\tomcat9\webapps\docs]에 대한 배치가 [257] 밀리초에 완료되었습니다.
22-Mar-2023 13:09:36.047 INFO [main] org.apache.catalina.startup.HostConfig.deployDirectory 웹 애플리케이션 디렉토리 [D:\HIH\tomcat9\webapps\manager]을(를) 배치합니다.
22-Mar-2023 13:09:36.079 INFO [main] org.apache.catalina.startup.HostConfig.deployDirectory 웹 애플리케이션 디렉토리 [D:\HIH\tomcat9\webapps\manager]에 대한 배치가 [32] 밀리초에 완료되었습니다.
22-Mar-2023 13:09:36.080 INFO [main] org.apache.catalina.startup.HostConfig.deployDirectory 웹 애플리케이션 디렉토리 [D:\HIH\tomcat9\webapps\Mup]을(를) 배치합니다.
22-Mar-2023 13:09:36.100 INFO [main] org.apache.catalina.startup.HostConfig.deployDirectory 웹 애플리케이션 디렉토리 [D:\HIH\tomcat9\webapps\Mup]에 대한 배치가 [20] 밀리초에 완료되었습니다.
22-Mar-2023 13:09:36.101 INFO [main] org.apache.catalina.startup.HostConfig.deployDirectory 웹 애플리케이션 디렉토리 [D:\HIH\tomcat9\webapps\ROOT]을(를) 배치합니다.
22-Mar-2023 13:09:36.116 INFO [main] org.apache.catalina.startup.HostConfig.deployDirectory 웹 애플리케이션 디렉토리 [D:\HIH\tomcat9\webapps\ROOT]에 대한 배치가 [15] 밀리초에 완료되었습니다.
22-Mar-2023 13:09:36.121 INFO [main] org.apache.catalina.startup.Catalina.start 서버가 [397] 밀리초 내에 시작되었습니다.
22-Mar-2023 13:09:36.126 SEVERE [main] org.apache.catalina.core.StandardServer.await 주소 [localhost]와(과) 포트 [8005]에, 서버 셧다운 소켓을 생성하지 못했습니다. (base 포트 [8005], offset [0])
	java.net.BindException: Address already in use: NET_Bind
		at java.base/java.net.PlainSocketImpl.bind0(Native Method)
		at java.base/java.net.PlainSocketImpl.socketBind(PlainSocketImpl.java:132)
		at java.base/java.net.AbstractPlainSocketImpl.bind(AbstractPlainSocketImpl.java:452)
		at java.base/java.net.ServerSocket.bind(ServerSocket.java:381)
		at java.base/java.net.ServerSocket.<init>(ServerSocket.java:243)
		at org.apache.catalina.core.StandardServer.await(StandardServer.java:580)
		at org.apache.catalina.startup.Catalina.await(Catalina.java:864)
		at org.apache.catalina.startup.Catalina.start(Catalina.java:810)
		at java.base/jdk.internal.reflect.NativeMethodAccessorImpl.invoke0(Native Method)
		at java.base/jdk.internal.reflect.NativeMethodAccessorImpl.invoke(NativeMethodAccessorImpl.java:62)
		at java.base/jdk.internal.reflect.DelegatingMethodAccessorImpl.invoke(DelegatingMethodAccessorImpl.java:43)
		at java.base/java.lang.reflect.Method.invoke(Method.java:566)
		at org.apache.catalina.startup.Bootstrap.start(Bootstrap.java:347)
		at org.apache.catalina.startup.Bootstrap.main(Bootstrap.java:478)
22-Mar-2023 13:09:36.128 INFO [main] org.apache.coyote.AbstractProtocol.pause 프로토콜 핸들러 ["http-nio-8090"]을(를) 일시 정지 중
22-Mar-2023 13:09:36.129 INFO [main] org.apache.catalina.core.StandardService.stopInternal 서비스 [Catalina]을(를) 중지시킵니다.
22-Mar-2023 13:09:36.142 INFO [main] org.apache.coyote.AbstractProtocol.stop 프로토콜 핸들러 ["http-nio-8090"]을(를) 중지시킵니다.
22-Mar-2023 13:09:36.143 INFO [main] org.apache.coyote.AbstractProtocol.destroy 프로토콜 핸들러 ["http-nio-8090"]을(를) 소멸시킵니다.
22-Mar-2023 13:50:38.395 INFO [Thread-2] org.apache.coyote.AbstractProtocol.pause 프로토콜 핸들러 ["http-nio-8090"]을(를) 일시 정지 중
22-Mar-2023 13:50:38.479 INFO [Thread-2] org.apache.catalina.core.StandardService.stopInternal 서비스 [Catalina]을(를) 중지시킵니다.
22-Mar-2023 13:50:38.500 INFO [Thread-2] org.apache.coyote.AbstractProtocol.stop 프로토콜 핸들러 ["http-nio-8090"]을(를) 중지시킵니다.
22-Mar-2023 13:50:38.516 INFO [Thread-2] org.apache.coyote.AbstractProtocol.destroy 프로토콜 핸들러 ["http-nio-8090"]을(를) 소멸시킵니다.
22-Mar-2023 14:57:35.152 WARNING [main] org.apache.tomcat.util.digester.SetPropertiesRule.begin Match [Server/Service/Engine/Host/Context]이(가) 프로퍼티 [reloadble]을(를) [true](으)로 설정하지 못했습니다.
22-Mar-2023 14:57:35.168 INFO [main] org.apache.catalina.startup.VersionLoggerListener.log 서버 버전 이름:    Apache Tomcat/9.0.73
22-Mar-2023 14:57:35.168 INFO [main] org.apache.catalina.startup.VersionLoggerListener.log Server 빌드 시각:  Feb 27 2023 15:33:40 UTC
22-Mar-2023 14:57:35.168 INFO [main] org.apache.catalina.startup.VersionLoggerListener.log Server 버전 번호:  9.0.73.0
22-Mar-2023 14:57:35.168 INFO [main] org.apache.catalina.startup.VersionLoggerListener.log 운영체제 이름:     Windows 10
22-Mar-2023 14:57:35.168 INFO [main] org.apache.catalina.startup.VersionLoggerListener.log 운영체제 버전:     10.0
22-Mar-2023 14:57:35.168 INFO [main] org.apache.catalina.startup.VersionLoggerListener.log 아키텍처:          amd64
22-Mar-2023 14:57:35.168 INFO [main] org.apache.catalina.startup.VersionLoggerListener.log 자바 홈:           C:\Program Files\Java\jdk-11.0.16
22-Mar-2023 14:57:35.168 INFO [main] org.apache.catalina.startup.VersionLoggerListener.log JVM 버전:          11.0.16+11-LTS-199
22-Mar-2023 14:57:35.168 INFO [main] org.apache.catalina.startup.VersionLoggerListener.log JVM 벤더:          Oracle Corporation
22-Mar-2023 14:57:35.168 INFO [main] org.apache.catalina.startup.VersionLoggerListener.log CATALINA_BASE:     D:\HIH\tomcat9
22-Mar-2023 14:57:35.168 INFO [main] org.apache.catalina.startup.VersionLoggerListener.log CATALINA_HOME:     D:\HIH\tomcat9
22-Mar-2023 14:57:35.168 INFO [main] org.apache.catalina.startup.VersionLoggerListener.log 명령 행 아규먼트:  -Dcatalina.home=D:\HIH\tomcat9
22-Mar-2023 14:57:35.168 INFO [main] org.apache.catalina.startup.VersionLoggerListener.log 명령 행 아규먼트:  -Dcatalina.base=D:\HIH\tomcat9
22-Mar-2023 14:57:35.168 INFO [main] org.apache.catalina.startup.VersionLoggerListener.log 명령 행 아규먼트:  -Djava.io.tmpdir=D:\HIH\tomcat9\temp
22-Mar-2023 14:57:35.168 INFO [main] org.apache.catalina.startup.VersionLoggerListener.log 명령 행 아규먼트:  -Djava.util.logging.manager=org.apache.juli.ClassLoaderLogManager
22-Mar-2023 14:57:35.168 INFO [main] org.apache.catalina.startup.VersionLoggerListener.log 명령 행 아규먼트:  -Djava.util.logging.config.file=D:\HIH\tomcat9\conf\logging.properties
22-Mar-2023 14:57:35.168 INFO [main] org.apache.catalina.startup.VersionLoggerListener.log 명령 행 아규먼트:  --add-opens=java.base/java.lang=ALL-UNNAMED
22-Mar-2023 14:57:35.168 INFO [main] org.apache.catalina.startup.VersionLoggerListener.log 명령 행 아규먼트:  --add-opens=java.base/java.io=ALL-UNNAMED
22-Mar-2023 14:57:35.168 INFO [main] org.apache.catalina.startup.VersionLoggerListener.log 명령 행 아규먼트:  --add-opens=java.rmi/sun.rmi.transport=ALL-UNNAMED
22-Mar-2023 14:57:35.168 INFO [main] org.apache.catalina.startup.VersionLoggerListener.log 명령 행 아규먼트:  exit
22-Mar-2023 14:57:35.168 INFO [main] org.apache.catalina.startup.VersionLoggerListener.log 명령 행 아규먼트:  abort
22-Mar-2023 14:57:35.168 INFO [main] org.apache.catalina.startup.VersionLoggerListener.log 명령 행 아규먼트:  -Xms128m
22-Mar-2023 14:57:35.168 INFO [main] org.apache.catalina.startup.VersionLoggerListener.log 명령 행 아규먼트:  -Xmx256m
22-Mar-2023 14:57:35.168 INFO [main] org.apache.catalina.core.AprLifecycleListener.lifecycleEvent 프로덕션 환경들에서 최적의 성능을 제공하는, APR 기반 Apache Tomcat Native 라이브러리가, 다음 java.library.path에서 발견되지 않습니다: [D:\HIH\tomcat9\bin;C:\WINDOWS\Sun\Java\bin;C:\WINDOWS\system32;C:\WINDOWS;C:\Program Files\Java\jdk-11.0.16\bin;C:\Program Files\Bandizip\;C:\oraclexe\app\oracle\product\11.2.0\server\bin;C:\Program Files\Common Files\Oracle\Java\javapath;C:\Program Files (x86)\Common Files\Oracle\Java\javapath;C:\WINDOWS\system32;C:\WINDOWS;C:\WINDOWS\System32\Wbem;C:\WINDOWS\System32\WindowsPowerShell\v1.0\;C:\WINDOWS\System32\OpenSSH\;C:\Program Files\Java\jdk-11.0.16\bin;C:\Program Files\Git\cmd;C:\Program Files\Java\jdk-11.0.16\bin;C:\WINDOWS\ServiceProfiles\LocalService\AppData\Local\Microsoft\WindowsApps;.]
22-Mar-2023 14:57:35.387 INFO [main] org.apache.coyote.AbstractProtocol.init 프로토콜 핸들러 ["http-nio-8090"]을(를) 초기화합니다.
22-Mar-2023 14:57:35.402 INFO [main] org.apache.catalina.startup.Catalina.load [440] 밀리초 내에 서버가 초기화되었습니다.
22-Mar-2023 14:57:35.465 INFO [main] org.apache.catalina.core.StandardService.startInternal 서비스 [Catalina]을(를) 시작합니다.
22-Mar-2023 14:57:35.465 INFO [main] org.apache.catalina.core.StandardEngine.startInternal 서버 엔진을 시작합니다: [Apache Tomcat/9.0.73]
22-Mar-2023 14:57:35.480 SEVERE [main] org.apache.catalina.core.ContainerBase.startInternal 자식 컨테이너를 시작 중 실패했습니다.
	java.util.concurrent.ExecutionException: org.apache.catalina.LifecycleException: 구성요소 [org.apache.catalina.webresources.StandardRoot@49cb9cb5]을(를) 시작하지 못했습니다.
		at java.base/java.util.concurrent.FutureTask.report(FutureTask.java:122)
		at java.base/java.util.concurrent.FutureTask.get(FutureTask.java:191)
		at org.apache.catalina.core.ContainerBase.startInternal(ContainerBase.java:878)
		at org.apache.catalina.core.StandardHost.startInternal(StandardHost.java:795)
		at org.apache.catalina.util.LifecycleBase.start(LifecycleBase.java:183)
		at org.apache.catalina.core.ContainerBase$StartChild.call(ContainerBase.java:1332)
		at org.apache.catalina.core.ContainerBase$StartChild.call(ContainerBase.java:1322)
		at java.base/java.util.concurrent.FutureTask.run(FutureTask.java:264)
		at org.apache.tomcat.util.threads.InlineExecutorService.execute(InlineExecutorService.java:75)
		at java.base/java.util.concurrent.AbstractExecutorService.submit(AbstractExecutorService.java:140)
		at org.apache.catalina.core.ContainerBase.startInternal(ContainerBase.java:871)
		at org.apache.catalina.core.StandardEngine.startInternal(StandardEngine.java:249)
		at org.apache.catalina.util.LifecycleBase.start(LifecycleBase.java:183)
		at org.apache.catalina.core.StandardService.startInternal(StandardService.java:428)
		at org.apache.catalina.util.LifecycleBase.start(LifecycleBase.java:183)
		at org.apache.catalina.core.StandardServer.startInternal(StandardServer.java:917)
		at org.apache.catalina.util.LifecycleBase.start(LifecycleBase.java:183)
		at org.apache.catalina.startup.Catalina.start(Catalina.java:772)
		at java.base/jdk.internal.reflect.NativeMethodAccessorImpl.invoke0(Native Method)
		at java.base/jdk.internal.reflect.NativeMethodAccessorImpl.invoke(NativeMethodAccessorImpl.java:62)
		at java.base/jdk.internal.reflect.DelegatingMethodAccessorImpl.invoke(DelegatingMethodAccessorImpl.java:43)
		at java.base/java.lang.reflect.Method.invoke(Method.java:566)
		at org.apache.catalina.startup.Bootstrap.start(Bootstrap.java:347)
		at org.apache.catalina.startup.Bootstrap.main(Bootstrap.java:478)
	Caused by: org.apache.catalina.LifecycleException: 구성요소 [org.apache.catalina.webresources.StandardRoot@49cb9cb5]을(를) 시작하지 못했습니다.
		at org.apache.catalina.util.LifecycleBase.handleSubClassException(LifecycleBase.java:440)
		at org.apache.catalina.util.LifecycleBase.start(LifecycleBase.java:198)
		at org.apache.catalina.core.StandardContext.resourcesStart(StandardContext.java:4606)
		at org.apache.catalina.core.StandardContext.startInternal(StandardContext.java:4739)
		at org.apache.catalina.util.LifecycleBase.start(LifecycleBase.java:183)
		at org.apache.catalina.core.ContainerBase$StartChild.call(ContainerBase.java:1332)
		at org.apache.catalina.core.ContainerBase$StartChild.call(ContainerBase.java:1322)
		at java.base/java.util.concurrent.FutureTask.run(FutureTask.java:264)
		at org.apache.tomcat.util.threads.InlineExecutorService.execute(InlineExecutorService.java:75)
		at java.base/java.util.concurrent.AbstractExecutorService.submit(AbstractExecutorService.java:140)
		at org.apache.catalina.core.ContainerBase.startInternal(ContainerBase.java:871)
		... 21 more
	Caused by: java.lang.IllegalArgumentException: 지정된 주요 리소스셋 [D:\HIH\tomcat9\webapps\실제 웹 애플리케이션의 WEB-INF 디렉토리 위치]은(는) 유효하지 않습니다.
		at org.apache.catalina.webresources.StandardRoot.createMainResourceSet(StandardRoot.java:749)
		at org.apache.catalina.webresources.StandardRoot.startInternal(StandardRoot.java:707)
		at org.apache.catalina.util.LifecycleBase.start(LifecycleBase.java:183)
		... 30 more
22-Mar-2023 14:57:35.496 SEVERE [main] org.apache.catalina.core.ContainerBase.startInternal 자식 컨테이너를 시작 중 실패했습니다.
	java.util.concurrent.ExecutionException: org.apache.catalina.LifecycleException: 자식 컨테이너를 시작 중 실패했습니다.
		at java.base/java.util.concurrent.FutureTask.report(FutureTask.java:122)
		at java.base/java.util.concurrent.FutureTask.get(FutureTask.java:191)
		at org.apache.catalina.core.ContainerBase.startInternal(ContainerBase.java:878)
		at org.apache.catalina.core.StandardEngine.startInternal(StandardEngine.java:249)
		at org.apache.catalina.util.LifecycleBase.start(LifecycleBase.java:183)
		at org.apache.catalina.core.StandardService.startInternal(StandardService.java:428)
		at org.apache.catalina.util.LifecycleBase.start(LifecycleBase.java:183)
		at org.apache.catalina.core.StandardServer.startInternal(StandardServer.java:917)
		at org.apache.catalina.util.LifecycleBase.start(LifecycleBase.java:183)
		at org.apache.catalina.startup.Catalina.start(Catalina.java:772)
		at java.base/jdk.internal.reflect.NativeMethodAccessorImpl.invoke0(Native Method)
		at java.base/jdk.internal.reflect.NativeMethodAccessorImpl.invoke(NativeMethodAccessorImpl.java:62)
		at java.base/jdk.internal.reflect.DelegatingMethodAccessorImpl.invoke(DelegatingMethodAccessorImpl.java:43)
		at java.base/java.lang.reflect.Method.invoke(Method.java:566)
		at org.apache.catalina.startup.Bootstrap.start(Bootstrap.java:347)
		at org.apache.catalina.startup.Bootstrap.main(Bootstrap.java:478)
	Caused by: org.apache.catalina.LifecycleException: 자식 컨테이너를 시작 중 실패했습니다.
		at org.apache.catalina.core.ContainerBase.startInternal(ContainerBase.java:890)
		at org.apache.catalina.core.StandardHost.startInternal(StandardHost.java:795)
		at org.apache.catalina.util.LifecycleBase.start(LifecycleBase.java:183)
		at org.apache.catalina.core.ContainerBase$StartChild.call(ContainerBase.java:1332)
		at org.apache.catalina.core.ContainerBase$StartChild.call(ContainerBase.java:1322)
		at java.base/java.util.concurrent.FutureTask.run(FutureTask.java:264)
		at org.apache.tomcat.util.threads.InlineExecutorService.execute(InlineExecutorService.java:75)
		at java.base/java.util.concurrent.AbstractExecutorService.submit(AbstractExecutorService.java:140)
		at org.apache.catalina.core.ContainerBase.startInternal(ContainerBase.java:871)
		... 13 more
	Caused by: java.util.concurrent.ExecutionException: org.apache.catalina.LifecycleException: 구성요소 [org.apache.catalina.webresources.StandardRoot@49cb9cb5]을(를) 시작하지 못했습니다.
		at java.base/java.util.concurrent.FutureTask.report(FutureTask.java:122)
		at java.base/java.util.concurrent.FutureTask.get(FutureTask.java:191)
		at org.apache.catalina.core.ContainerBase.startInternal(ContainerBase.java:878)
		... 21 more
	Caused by: org.apache.catalina.LifecycleException: 구성요소 [org.apache.catalina.webresources.StandardRoot@49cb9cb5]을(를) 시작하지 못했습니다.
		at org.apache.catalina.util.LifecycleBase.handleSubClassException(LifecycleBase.java:440)
		at org.apache.catalina.util.LifecycleBase.start(LifecycleBase.java:198)
		at org.apache.catalina.core.StandardContext.resourcesStart(StandardContext.java:4606)
		at org.apache.catalina.core.StandardContext.startInternal(StandardContext.java:4739)
		at org.apache.catalina.util.LifecycleBase.start(LifecycleBase.java:183)
		at org.apache.catalina.core.ContainerBase$StartChild.call(ContainerBase.java:1332)
		at org.apache.catalina.core.ContainerBase$StartChild.call(ContainerBase.java:1322)
		at java.base/java.util.concurrent.FutureTask.run(FutureTask.java:264)
		at org.apache.tomcat.util.threads.InlineExecutorService.execute(InlineExecutorService.java:75)
		at java.base/java.util.concurrent.AbstractExecutorService.submit(AbstractExecutorService.java:140)
		at org.apache.catalina.core.ContainerBase.startInternal(ContainerBase.java:871)
		... 21 more
	Caused by: java.lang.IllegalArgumentException: 지정된 주요 리소스셋 [D:\HIH\tomcat9\webapps\실제 웹 애플리케이션의 WEB-INF 디렉토리 위치]은(는) 유효하지 않습니다.
		at org.apache.catalina.webresources.StandardRoot.createMainResourceSet(StandardRoot.java:749)
		at org.apache.catalina.webresources.StandardRoot.startInternal(StandardRoot.java:707)
		at org.apache.catalina.util.LifecycleBase.start(LifecycleBase.java:183)
		... 30 more
22-Mar-2023 14:57:35.496 SEVERE [main] org.apache.catalina.startup.Catalina.start 필수 항목인 서버 구성요소가 제대로 시작되지 못하여, Tomcat이 시작될 수 없습니다.
	org.apache.catalina.LifecycleException: 자식 컨테이너를 시작 중 실패했습니다.
		at org.apache.catalina.core.ContainerBase.startInternal(ContainerBase.java:890)
		at org.apache.catalina.core.StandardEngine.startInternal(StandardEngine.java:249)
		at org.apache.catalina.util.LifecycleBase.start(LifecycleBase.java:183)
		at org.apache.catalina.core.StandardService.startInternal(StandardService.java:428)
		at org.apache.catalina.util.LifecycleBase.start(LifecycleBase.java:183)
		at org.apache.catalina.core.StandardServer.startInternal(StandardServer.java:917)
		at org.apache.catalina.util.LifecycleBase.start(LifecycleBase.java:183)
		at org.apache.catalina.startup.Catalina.start(Catalina.java:772)
		at java.base/jdk.internal.reflect.NativeMethodAccessorImpl.invoke0(Native Method)
		at java.base/jdk.internal.reflect.NativeMethodAccessorImpl.invoke(NativeMethodAccessorImpl.java:62)
		at java.base/jdk.internal.reflect.DelegatingMethodAccessorImpl.invoke(DelegatingMethodAccessorImpl.java:43)
		at java.base/java.lang.reflect.Method.invoke(Method.java:566)
		at org.apache.catalina.startup.Bootstrap.start(Bootstrap.java:347)
		at org.apache.catalina.startup.Bootstrap.main(Bootstrap.java:478)
	Caused by: java.util.concurrent.ExecutionException: org.apache.catalina.LifecycleException: 자식 컨테이너를 시작 중 실패했습니다.
		at java.base/java.util.concurrent.FutureTask.report(FutureTask.java:122)
		at java.base/java.util.concurrent.FutureTask.get(FutureTask.java:191)
		at org.apache.catalina.core.ContainerBase.startInternal(ContainerBase.java:878)
		... 13 more
	Caused by: org.apache.catalina.LifecycleException: 자식 컨테이너를 시작 중 실패했습니다.
		at org.apache.catalina.core.ContainerBase.startInternal(ContainerBase.java:890)
		at org.apache.catalina.core.StandardHost.startInternal(StandardHost.java:795)
		at org.apache.catalina.util.LifecycleBase.start(LifecycleBase.java:183)
		at org.apache.catalina.core.ContainerBase$StartChild.call(ContainerBase.java:1332)
		at org.apache.catalina.core.ContainerBase$StartChild.call(ContainerBase.java:1322)
		at java.base/java.util.concurrent.FutureTask.run(FutureTask.java:264)
		at org.apache.tomcat.util.threads.InlineExecutorService.execute(InlineExecutorService.java:75)
		at java.base/java.util.concurrent.AbstractExecutorService.submit(AbstractExecutorService.java:140)
		at org.apache.catalina.core.ContainerBase.startInternal(ContainerBase.java:871)
		... 13 more
	Caused by: java.util.concurrent.ExecutionException: org.apache.catalina.LifecycleException: 구성요소 [org.apache.catalina.webresources.StandardRoot@49cb9cb5]을(를) 시작하지 못했습니다.
		at java.base/java.util.concurrent.FutureTask.report(FutureTask.java:122)
		at java.base/java.util.concurrent.FutureTask.get(FutureTask.java:191)
		at org.apache.catalina.core.ContainerBase.startInternal(ContainerBase.java:878)
		... 21 more
	Caused by: org.apache.catalina.LifecycleException: 구성요소 [org.apache.catalina.webresources.StandardRoot@49cb9cb5]을(를) 시작하지 못했습니다.
		at org.apache.catalina.util.LifecycleBase.handleSubClassException(LifecycleBase.java:440)
		at org.apache.catalina.util.LifecycleBase.start(LifecycleBase.java:198)
		at org.apache.catalina.core.StandardContext.resourcesStart(StandardContext.java:4606)
		at org.apache.catalina.core.StandardContext.startInternal(StandardContext.java:4739)
		at org.apache.catalina.util.LifecycleBase.start(LifecycleBase.java:183)
		at org.apache.catalina.core.ContainerBase$StartChild.call(ContainerBase.java:1332)
		at org.apache.catalina.core.ContainerBase$StartChild.call(ContainerBase.java:1322)
		at java.base/java.util.concurrent.FutureTask.run(FutureTask.java:264)
		at org.apache.tomcat.util.threads.InlineExecutorService.execute(InlineExecutorService.java:75)
		at java.base/java.util.concurrent.AbstractExecutorService.submit(AbstractExecutorService.java:140)
		at org.apache.catalina.core.ContainerBase.startInternal(ContainerBase.java:871)
		... 21 more
	Caused by: java.lang.IllegalArgumentException: 지정된 주요 리소스셋 [D:\HIH\tomcat9\webapps\실제 웹 애플리케이션의 WEB-INF 디렉토리 위치]은(는) 유효하지 않습니다.
		at org.apache.catalina.webresources.StandardRoot.createMainResourceSet(StandardRoot.java:749)
		at org.apache.catalina.webresources.StandardRoot.startInternal(StandardRoot.java:707)
		at org.apache.catalina.util.LifecycleBase.start(LifecycleBase.java:183)
		... 30 more
22-Mar-2023 14:57:35.496 INFO [main] org.apache.coyote.AbstractProtocol.pause 프로토콜 핸들러 ["http-nio-8090"]을(를) 일시 정지 중
22-Mar-2023 14:57:35.496 INFO [main] org.apache.catalina.core.StandardService.stopInternal 서비스 [Catalina]을(를) 중지시킵니다.
22-Mar-2023 14:57:35.496 INFO [main] org.apache.coyote.AbstractProtocol.destroy 프로토콜 핸들러 ["http-nio-8090"]을(를) 소멸시킵니다.
22-Mar-2023 14:58:14.832 WARNING [main] org.apache.tomcat.util.digester.SetPropertiesRule.begin Match [Server/Service/Engine/Host/Context]이(가) 프로퍼티 [reloadble]을(를) [true](으)로 설정하지 못했습니다.
22-Mar-2023 14:58:14.847 INFO [main] org.apache.catalina.startup.VersionLoggerListener.log 서버 버전 이름:    Apache Tomcat/9.0.73
22-Mar-2023 14:58:14.847 INFO [main] org.apache.catalina.startup.VersionLoggerListener.log Server 빌드 시각:  Feb 27 2023 15:33:40 UTC
22-Mar-2023 14:58:14.847 INFO [main] org.apache.catalina.startup.VersionLoggerListener.log Server 버전 번호:  9.0.73.0
22-Mar-2023 14:58:14.847 INFO [main] org.apache.catalina.startup.VersionLoggerListener.log 운영체제 이름:     Windows 10
22-Mar-2023 14:58:14.847 INFO [main] org.apache.catalina.startup.VersionLoggerListener.log 운영체제 버전:     10.0
22-Mar-2023 14:58:14.847 INFO [main] org.apache.catalina.startup.VersionLoggerListener.log 아키텍처:          amd64
22-Mar-2023 14:58:14.847 INFO [main] org.apache.catalina.startup.VersionLoggerListener.log 자바 홈:           C:\Program Files\Java\jdk-11.0.16
22-Mar-2023 14:58:14.847 INFO [main] org.apache.catalina.startup.VersionLoggerListener.log JVM 버전:          11.0.16+11-LTS-199
22-Mar-2023 14:58:14.847 INFO [main] org.apache.catalina.startup.VersionLoggerListener.log JVM 벤더:          Oracle Corporation
22-Mar-2023 14:58:14.847 INFO [main] org.apache.catalina.startup.VersionLoggerListener.log CATALINA_BASE:     D:\HIH\tomcat9
22-Mar-2023 14:58:14.847 INFO [main] org.apache.catalina.startup.VersionLoggerListener.log CATALINA_HOME:     D:\HIH\tomcat9
22-Mar-2023 14:58:14.847 INFO [main] org.apache.catalina.startup.VersionLoggerListener.log 명령 행 아규먼트:  -Dcatalina.home=D:\HIH\tomcat9
22-Mar-2023 14:58:14.847 INFO [main] org.apache.catalina.startup.VersionLoggerListener.log 명령 행 아규먼트:  -Dcatalina.base=D:\HIH\tomcat9
22-Mar-2023 14:58:14.847 INFO [main] org.apache.catalina.startup.VersionLoggerListener.log 명령 행 아규먼트:  -Djava.io.tmpdir=D:\HIH\tomcat9\temp
22-Mar-2023 14:58:14.847 INFO [main] org.apache.catalina.startup.VersionLoggerListener.log 명령 행 아규먼트:  -Djava.util.logging.manager=org.apache.juli.ClassLoaderLogManager
22-Mar-2023 14:58:14.847 INFO [main] org.apache.catalina.startup.VersionLoggerListener.log 명령 행 아규먼트:  -Djava.util.logging.config.file=D:\HIH\tomcat9\conf\logging.properties
22-Mar-2023 14:58:14.847 INFO [main] org.apache.catalina.startup.VersionLoggerListener.log 명령 행 아규먼트:  --add-opens=java.base/java.lang=ALL-UNNAMED
22-Mar-2023 14:58:14.847 INFO [main] org.apache.catalina.startup.VersionLoggerListener.log 명령 행 아규먼트:  --add-opens=java.base/java.io=ALL-UNNAMED
22-Mar-2023 14:58:14.847 INFO [main] org.apache.catalina.startup.VersionLoggerListener.log 명령 행 아규먼트:  --add-opens=java.rmi/sun.rmi.transport=ALL-UNNAMED
22-Mar-2023 14:58:14.847 INFO [main] org.apache.catalina.startup.VersionLoggerListener.log 명령 행 아규먼트:  exit
22-Mar-2023 14:58:14.847 INFO [main] org.apache.catalina.startup.VersionLoggerListener.log 명령 행 아규먼트:  abort
22-Mar-2023 14:58:14.847 INFO [main] org.apache.catalina.startup.VersionLoggerListener.log 명령 행 아규먼트:  -Xms128m
22-Mar-2023 14:58:14.847 INFO [main] org.apache.catalina.startup.VersionLoggerListener.log 명령 행 아규먼트:  -Xmx256m
22-Mar-2023 14:58:14.847 INFO [main] org.apache.catalina.core.AprLifecycleListener.lifecycleEvent 프로덕션 환경들에서 최적의 성능을 제공하는, APR 기반 Apache Tomcat Native 라이브러리가, 다음 java.library.path에서 발견되지 않습니다: [D:\HIH\tomcat9\bin;C:\WINDOWS\Sun\Java\bin;C:\WINDOWS\system32;C:\WINDOWS;C:\Program Files\Java\jdk-11.0.16\bin;C:\Program Files\Bandizip\;C:\oraclexe\app\oracle\product\11.2.0\server\bin;C:\Program Files\Common Files\Oracle\Java\javapath;C:\Program Files (x86)\Common Files\Oracle\Java\javapath;C:\WINDOWS\system32;C:\WINDOWS;C:\WINDOWS\System32\Wbem;C:\WINDOWS\System32\WindowsPowerShell\v1.0\;C:\WINDOWS\System32\OpenSSH\;C:\Program Files\Java\jdk-11.0.16\bin;C:\Program Files\Git\cmd;C:\Program Files\Java\jdk-11.0.16\bin;C:\WINDOWS\ServiceProfiles\LocalService\AppData\Local\Microsoft\WindowsApps;.]
22-Mar-2023 14:58:15.066 INFO [main] org.apache.coyote.AbstractProtocol.init 프로토콜 핸들러 ["http-nio-8090"]을(를) 초기화합니다.
22-Mar-2023 14:58:15.082 INFO [main] org.apache.catalina.startup.Catalina.load [422] 밀리초 내에 서버가 초기화되었습니다.
22-Mar-2023 14:58:15.129 INFO [main] org.apache.catalina.core.StandardService.startInternal 서비스 [Catalina]을(를) 시작합니다.
22-Mar-2023 14:58:15.129 INFO [main] org.apache.catalina.core.StandardEngine.startInternal 서버 엔진을 시작합니다: [Apache Tomcat/9.0.73]
22-Mar-2023 14:58:15.160 SEVERE [main] org.apache.catalina.core.ContainerBase.startInternal 자식 컨테이너를 시작 중 실패했습니다.
	java.util.concurrent.ExecutionException: org.apache.catalina.LifecycleException: 구성요소 [org.apache.catalina.webresources.StandardRoot@49cb9cb5]을(를) 시작하지 못했습니다.
		at java.base/java.util.concurrent.FutureTask.report(FutureTask.java:122)
		at java.base/java.util.concurrent.FutureTask.get(FutureTask.java:191)
		at org.apache.catalina.core.ContainerBase.startInternal(ContainerBase.java:878)
		at org.apache.catalina.core.StandardHost.startInternal(StandardHost.java:795)
		at org.apache.catalina.util.LifecycleBase.start(LifecycleBase.java:183)
		at org.apache.catalina.core.ContainerBase$StartChild.call(ContainerBase.java:1332)
		at org.apache.catalina.core.ContainerBase$StartChild.call(ContainerBase.java:1322)
		at java.base/java.util.concurrent.FutureTask.run(FutureTask.java:264)
		at org.apache.tomcat.util.threads.InlineExecutorService.execute(InlineExecutorService.java:75)
		at java.base/java.util.concurrent.AbstractExecutorService.submit(AbstractExecutorService.java:140)
		at org.apache.catalina.core.ContainerBase.startInternal(ContainerBase.java:871)
		at org.apache.catalina.core.StandardEngine.startInternal(StandardEngine.java:249)
		at org.apache.catalina.util.LifecycleBase.start(LifecycleBase.java:183)
		at org.apache.catalina.core.StandardService.startInternal(StandardService.java:428)
		at org.apache.catalina.util.LifecycleBase.start(LifecycleBase.java:183)
		at org.apache.catalina.core.StandardServer.startInternal(StandardServer.java:917)
		at org.apache.catalina.util.LifecycleBase.start(LifecycleBase.java:183)
		at org.apache.catalina.startup.Catalina.start(Catalina.java:772)
		at java.base/jdk.internal.reflect.NativeMethodAccessorImpl.invoke0(Native Method)
		at java.base/jdk.internal.reflect.NativeMethodAccessorImpl.invoke(NativeMethodAccessorImpl.java:62)
		at java.base/jdk.internal.reflect.DelegatingMethodAccessorImpl.invoke(DelegatingMethodAccessorImpl.java:43)
		at java.base/java.lang.reflect.Method.invoke(Method.java:566)
		at org.apache.catalina.startup.Bootstrap.start(Bootstrap.java:347)
		at org.apache.catalina.startup.Bootstrap.main(Bootstrap.java:478)
	Caused by: org.apache.catalina.LifecycleException: 구성요소 [org.apache.catalina.webresources.StandardRoot@49cb9cb5]을(를) 시작하지 못했습니다.
		at org.apache.catalina.util.LifecycleBase.handleSubClassException(LifecycleBase.java:440)
		at org.apache.catalina.util.LifecycleBase.start(LifecycleBase.java:198)
		at org.apache.catalina.core.StandardContext.resourcesStart(StandardContext.java:4606)
		at org.apache.catalina.core.StandardContext.startInternal(StandardContext.java:4739)
		at org.apache.catalina.util.LifecycleBase.start(LifecycleBase.java:183)
		at org.apache.catalina.core.ContainerBase$StartChild.call(ContainerBase.java:1332)
		at org.apache.catalina.core.ContainerBase$StartChild.call(ContainerBase.java:1322)
		at java.base/java.util.concurrent.FutureTask.run(FutureTask.java:264)
		at org.apache.tomcat.util.threads.InlineExecutorService.execute(InlineExecutorService.java:75)
		at java.base/java.util.concurrent.AbstractExecutorService.submit(AbstractExecutorService.java:140)
		at org.apache.catalina.core.ContainerBase.startInternal(ContainerBase.java:871)
		... 21 more
	Caused by: java.lang.IllegalArgumentException: 지정된 주요 리소스셋 [D:\HIH\tomcat9\webapps\실제 웹 애플리케이션의 WEB-INF 디렉토리 위치]은(는) 유효하지 않습니다.
		at org.apache.catalina.webresources.StandardRoot.createMainResourceSet(StandardRoot.java:749)
		at org.apache.catalina.webresources.StandardRoot.startInternal(StandardRoot.java:707)
		at org.apache.catalina.util.LifecycleBase.start(LifecycleBase.java:183)
		... 30 more
22-Mar-2023 14:58:15.160 SEVERE [main] org.apache.catalina.core.ContainerBase.startInternal 자식 컨테이너를 시작 중 실패했습니다.
	java.util.concurrent.ExecutionException: org.apache.catalina.LifecycleException: 자식 컨테이너를 시작 중 실패했습니다.
		at java.base/java.util.concurrent.FutureTask.report(FutureTask.java:122)
		at java.base/java.util.concurrent.FutureTask.get(FutureTask.java:191)
		at org.apache.catalina.core.ContainerBase.startInternal(ContainerBase.java:878)
		at org.apache.catalina.core.StandardEngine.startInternal(StandardEngine.java:249)
		at org.apache.catalina.util.LifecycleBase.start(LifecycleBase.java:183)
		at org.apache.catalina.core.StandardService.startInternal(StandardService.java:428)
		at org.apache.catalina.util.LifecycleBase.start(LifecycleBase.java:183)
		at org.apache.catalina.core.StandardServer.startInternal(StandardServer.java:917)
		at org.apache.catalina.util.LifecycleBase.start(LifecycleBase.java:183)
		at org.apache.catalina.startup.Catalina.start(Catalina.java:772)
		at java.base/jdk.internal.reflect.NativeMethodAccessorImpl.invoke0(Native Method)
		at java.base/jdk.internal.reflect.NativeMethodAccessorImpl.invoke(NativeMethodAccessorImpl.java:62)
		at java.base/jdk.internal.reflect.DelegatingMethodAccessorImpl.invoke(DelegatingMethodAccessorImpl.java:43)
		at java.base/java.lang.reflect.Method.invoke(Method.java:566)
		at org.apache.catalina.startup.Bootstrap.start(Bootstrap.java:347)
		at org.apache.catalina.startup.Bootstrap.main(Bootstrap.java:478)
	Caused by: org.apache.catalina.LifecycleException: 자식 컨테이너를 시작 중 실패했습니다.
		at org.apache.catalina.core.ContainerBase.startInternal(ContainerBase.java:890)
		at org.apache.catalina.core.StandardHost.startInternal(StandardHost.java:795)
		at org.apache.catalina.util.LifecycleBase.start(LifecycleBase.java:183)
		at org.apache.catalina.core.ContainerBase$StartChild.call(ContainerBase.java:1332)
		at org.apache.catalina.core.ContainerBase$StartChild.call(ContainerBase.java:1322)
		at java.base/java.util.concurrent.FutureTask.run(FutureTask.java:264)
		at org.apache.tomcat.util.threads.InlineExecutorService.execute(InlineExecutorService.java:75)
		at java.base/java.util.concurrent.AbstractExecutorService.submit(AbstractExecutorService.java:140)
		at org.apache.catalina.core.ContainerBase.startInternal(ContainerBase.java:871)
		... 13 more
	Caused by: java.util.concurrent.ExecutionException: org.apache.catalina.LifecycleException: 구성요소 [org.apache.catalina.webresources.StandardRoot@49cb9cb5]을(를) 시작하지 못했습니다.
		at java.base/java.util.concurrent.FutureTask.report(FutureTask.java:122)
		at java.base/java.util.concurrent.FutureTask.get(FutureTask.java:191)
		at org.apache.catalina.core.ContainerBase.startInternal(ContainerBase.java:878)
		... 21 more
	Caused by: org.apache.catalina.LifecycleException: 구성요소 [org.apache.catalina.webresources.StandardRoot@49cb9cb5]을(를) 시작하지 못했습니다.
		at org.apache.catalina.util.LifecycleBase.handleSubClassException(LifecycleBase.java:440)
		at org.apache.catalina.util.LifecycleBase.start(LifecycleBase.java:198)
		at org.apache.catalina.core.StandardContext.resourcesStart(StandardContext.java:4606)
		at org.apache.catalina.core.StandardContext.startInternal(StandardContext.java:4739)
		at org.apache.catalina.util.LifecycleBase.start(LifecycleBase.java:183)
		at org.apache.catalina.core.ContainerBase$StartChild.call(ContainerBase.java:1332)
		at org.apache.catalina.core.ContainerBase$StartChild.call(ContainerBase.java:1322)
		at java.base/java.util.concurrent.FutureTask.run(FutureTask.java:264)
		at org.apache.tomcat.util.threads.InlineExecutorService.execute(InlineExecutorService.java:75)
		at java.base/java.util.concurrent.AbstractExecutorService.submit(AbstractExecutorService.java:140)
		at org.apache.catalina.core.ContainerBase.startInternal(ContainerBase.java:871)
		... 21 more
	Caused by: java.lang.IllegalArgumentException: 지정된 주요 리소스셋 [D:\HIH\tomcat9\webapps\실제 웹 애플리케이션의 WEB-INF 디렉토리 위치]은(는) 유효하지 않습니다.
		at org.apache.catalina.webresources.StandardRoot.createMainResourceSet(StandardRoot.java:749)
		at org.apache.catalina.webresources.StandardRoot.startInternal(StandardRoot.java:707)
		at org.apache.catalina.util.LifecycleBase.start(LifecycleBase.java:183)
		... 30 more
22-Mar-2023 14:58:15.160 SEVERE [main] org.apache.catalina.startup.Catalina.start 필수 항목인 서버 구성요소가 제대로 시작되지 못하여, Tomcat이 시작될 수 없습니다.
	org.apache.catalina.LifecycleException: 자식 컨테이너를 시작 중 실패했습니다.
		at org.apache.catalina.core.ContainerBase.startInternal(ContainerBase.java:890)
		at org.apache.catalina.core.StandardEngine.startInternal(StandardEngine.java:249)
		at org.apache.catalina.util.LifecycleBase.start(LifecycleBase.java:183)
		at org.apache.catalina.core.StandardService.startInternal(StandardService.java:428)
		at org.apache.catalina.util.LifecycleBase.start(LifecycleBase.java:183)
		at org.apache.catalina.core.StandardServer.startInternal(StandardServer.java:917)
		at org.apache.catalina.util.LifecycleBase.start(LifecycleBase.java:183)
		at org.apache.catalina.startup.Catalina.start(Catalina.java:772)
		at java.base/jdk.internal.reflect.NativeMethodAccessorImpl.invoke0(Native Method)
		at java.base/jdk.internal.reflect.NativeMethodAccessorImpl.invoke(NativeMethodAccessorImpl.java:62)
		at java.base/jdk.internal.reflect.DelegatingMethodAccessorImpl.invoke(DelegatingMethodAccessorImpl.java:43)
		at java.base/java.lang.reflect.Method.invoke(Method.java:566)
		at org.apache.catalina.startup.Bootstrap.start(Bootstrap.java:347)
		at org.apache.catalina.startup.Bootstrap.main(Bootstrap.java:478)
	Caused by: java.util.concurrent.ExecutionException: org.apache.catalina.LifecycleException: 자식 컨테이너를 시작 중 실패했습니다.
		at java.base/java.util.concurrent.FutureTask.report(FutureTask.java:122)
		at java.base/java.util.concurrent.FutureTask.get(FutureTask.java:191)
		at org.apache.catalina.core.ContainerBase.startInternal(ContainerBase.java:878)
		... 13 more
	Caused by: org.apache.catalina.LifecycleException: 자식 컨테이너를 시작 중 실패했습니다.
		at org.apache.catalina.core.ContainerBase.startInternal(ContainerBase.java:890)
		at org.apache.catalina.core.StandardHost.startInternal(StandardHost.java:795)
		at org.apache.catalina.util.LifecycleBase.start(LifecycleBase.java:183)
		at org.apache.catalina.core.ContainerBase$StartChild.call(ContainerBase.java:1332)
		at org.apache.catalina.core.ContainerBase$StartChild.call(ContainerBase.java:1322)
		at java.base/java.util.concurrent.FutureTask.run(FutureTask.java:264)
		at org.apache.tomcat.util.threads.InlineExecutorService.execute(InlineExecutorService.java:75)
		at java.base/java.util.concurrent.AbstractExecutorService.submit(AbstractExecutorService.java:140)
		at org.apache.catalina.core.ContainerBase.startInternal(ContainerBase.java:871)
		... 13 more
	Caused by: java.util.concurrent.ExecutionException: org.apache.catalina.LifecycleException: 구성요소 [org.apache.catalina.webresources.StandardRoot@49cb9cb5]을(를) 시작하지 못했습니다.
		at java.base/java.util.concurrent.FutureTask.report(FutureTask.java:122)
		at java.base/java.util.concurrent.FutureTask.get(FutureTask.java:191)
		at org.apache.catalina.core.ContainerBase.startInternal(ContainerBase.java:878)
		... 21 more
	Caused by: org.apache.catalina.LifecycleException: 구성요소 [org.apache.catalina.webresources.StandardRoot@49cb9cb5]을(를) 시작하지 못했습니다.
		at org.apache.catalina.util.LifecycleBase.handleSubClassException(LifecycleBase.java:440)
		at org.apache.catalina.util.LifecycleBase.start(LifecycleBase.java:198)
		at org.apache.catalina.core.StandardContext.resourcesStart(StandardContext.java:4606)
		at org.apache.catalina.core.StandardContext.startInternal(StandardContext.java:4739)
		at org.apache.catalina.util.LifecycleBase.start(LifecycleBase.java:183)
		at org.apache.catalina.core.ContainerBase$StartChild.call(ContainerBase.java:1332)
		at org.apache.catalina.core.ContainerBase$StartChild.call(ContainerBase.java:1322)
		at java.base/java.util.concurrent.FutureTask.run(FutureTask.java:264)
		at org.apache.tomcat.util.threads.InlineExecutorService.execute(InlineExecutorService.java:75)
		at java.base/java.util.concurrent.AbstractExecutorService.submit(AbstractExecutorService.java:140)
		at org.apache.catalina.core.ContainerBase.startInternal(ContainerBase.java:871)
		... 21 more
	Caused by: java.lang.IllegalArgumentException: 지정된 주요 리소스셋 [D:\HIH\tomcat9\webapps\실제 웹 애플리케이션의 WEB-INF 디렉토리 위치]은(는) 유효하지 않습니다.
		at org.apache.catalina.webresources.StandardRoot.createMainResourceSet(StandardRoot.java:749)
		at org.apache.catalina.webresources.StandardRoot.startInternal(StandardRoot.java:707)
		at org.apache.catalina.util.LifecycleBase.start(LifecycleBase.java:183)
		... 30 more
22-Mar-2023 14:58:15.160 INFO [main] org.apache.coyote.AbstractProtocol.pause 프로토콜 핸들러 ["http-nio-8090"]을(를) 일시 정지 중
22-Mar-2023 14:58:15.160 INFO [main] org.apache.catalina.core.StandardService.stopInternal 서비스 [Catalina]을(를) 중지시킵니다.
22-Mar-2023 14:58:15.160 INFO [main] org.apache.coyote.AbstractProtocol.destroy 프로토콜 핸들러 ["http-nio-8090"]을(를) 소멸시킵니다.
