[2023-03-22 10:48:44] [info]  [13104] Apache Commons Daemon procrun (1.3.3.0 64-bit) started.
[2023-03-22 10:48:44] [info]  [13104] Running Service 'Tomcat9'...
[2023-03-22 10:48:44] [info]  [12968] Starting service...
[2023-03-22 10:48:46] [info]  [12968] Service started in 1613 milliseconds.
[2023-03-22 13:50:38] [info]  [13104] Service SERVICE_CONTROL_STOP signalled.
[2023-03-22 13:50:38] [info]  [ 5820] Stopping service...
[2023-03-22 13:50:39] [info]  [ 5820] Service stop thread completed.
[2023-03-22 13:50:39] [info]  [13104] Run service finished.
[2023-03-22 13:50:39] [info]  [13104] Apache Commons Daemon procrun finished.
[2023-03-22 14:57:34] [info]  [ 4676] Apache Commons Daemon procrun (1.3.3.0 64-bit) started.
[2023-03-22 14:57:34] [info]  [ 4676] Running Service 'Tomcat9'...
[2023-03-22 14:57:34] [info]  [11868] Starting service...
[2023-03-22 14:57:35] [info]  [11868] Service started in 1218 milliseconds.
[2023-03-22 14:57:36] [info]  [ 4676] Run service finished.
[2023-03-22 14:57:36] [info]  [ 4676] Apache Commons Daemon procrun finished.
[2023-03-22 14:58:14] [info]  [ 6332] Apache Commons Daemon procrun (1.3.3.0 64-bit) started.
[2023-03-22 14:58:14] [info]  [ 6332] Running Service 'Tomcat9'...
[2023-03-22 14:58:14] [info]  [13116] Starting service...
[2023-03-22 14:58:15] [info]  [13116] Service started in 1202 milliseconds.
[2023-03-22 14:58:15] [info]  [ 6332] Run service finished.
[2023-03-22 14:58:15] [info]  [ 6332] Apache Commons Daemon procrun finished.
